FILE_TYPE=LIBRARY_PARTS;
PRIMITIVE 'CRMA1210AF10K0DKEF','CRMA1210AF10K0DKEF_Resistor Chip';
  PIN
    '1':
      PIN_NUMBER='(1)';
      NO_LOAD_CHECK=BOTH;
      NO_IO_CHECK=BOTH;
      ALLOW_CONNECT=TRUE;
      PINUSE='UNSPEC';
    '2':
      PIN_NUMBER='(2)';
      NO_LOAD_CHECK=BOTH;
      NO_IO_CHECK=BOTH;
      ALLOW_CONNECT=TRUE;
      PINUSE='UNSPEC';
  END_PIN;
  BODY
    PART_NAME='CRMA1210AF10K0DKEF';
    PHYS_DES_PREFIX='R';
    NO_LOAD_CHECK='TRUE';
    PIN_COUNT='2';
    BODY_NAME='CRMA1210AF10K0DKEF';
    JEDEC_TYPE='RESC3225X74N';
  END_BODY;
END_PRIMITIVE;
END.
